<?xml version="1.0" encoding="UTF-8"?>
<Site BuildName="Linux-g++"
	BuildStamp="20230817-0752-Experimental"
	Name="emil-ThinkPad"
	Generator="ctest-3.22.1"
	CompilerName="/usr/bin/g++"
	CompilerVersion="11.3.0"
	OSName="Linux"
	Hostname="emil-ThinkPad"
	OSRelease="5.19.0-50-generic"
	OSVersion="#50-Ubuntu SMP PREEMPT_DYNAMIC Mon Jul 10 18:24:29 UTC 2023"
	OSPlatform="x86_64"
	Is64Bits="1"
	VendorString="GenuineIntel"
	VendorID="Intel Corporation"
	FamilyID="6"
	ModelID="78"
	ProcessorCacheSize="4096"
	NumberOfLogicalCPU="4"
	NumberOfPhysicalCPU="2"
	TotalVirtualMemory="2047"
	TotalPhysicalMemory="15872"
	LogicalProcessorsPerPhysical="2"
	ProcessorClockFrequency="2579.45"
	>
	<Testing>
		<StartDateTime>Aug 17 10:27 CEST</StartDateTime>
		<StartTestTime>1692260852</StartTestTime>
		<TestList/>
		<EndDateTime>Aug 17 10:27 CEST</EndDateTime>
		<EndTestTime>1692260852</EndTestTime>
		<ElapsedMinutes>0</ElapsedMinutes>
	</Testing>
</Site>
