<?xml version="1.0" encoding="UTF-8"?>
<Site BuildName="Linux-g++"
	BuildStamp="20230716-1340-Experimental"
	Name="emil-ThinkPad"
	Generator="ctest-3.22.1"
	CompilerName="/usr/bin/g++"
	CompilerVersion="11.3.0"
	OSName="Linux"
	Hostname="emil-ThinkPad"
	OSRelease="5.19.0-46-generic"
	OSVersion="#47~22.04.1-Ubuntu SMP PREEMPT_DYNAMIC Wed Jun 21 15:35:31 UTC 2"
	OSPlatform="x86_64"
	Is64Bits="1"
	VendorString="GenuineIntel"
	VendorID="Intel Corporation"
	FamilyID="6"
	ModelID="78"
	ProcessorCacheSize="4096"
	NumberOfLogicalCPU="4"
	NumberOfPhysicalCPU="2"
	TotalVirtualMemory="2047"
	TotalPhysicalMemory="15872"
	LogicalProcessorsPerPhysical="2"
	ProcessorClockFrequency="2700.01"
	>
	<Testing>
		<StartDateTime>Jul 16 20:12 CEST</StartDateTime>
		<StartTestTime>1689531171</StartTestTime>
		<TestList/>
		<EndDateTime>Jul 16 20:12 CEST</EndDateTime>
		<EndTestTime>1689531171</EndTestTime>
		<ElapsedMinutes>0</ElapsedMinutes>
	</Testing>
</Site>
